This file contains any messages produced by compilers while
running configure, to aid debugging if configure makes a mistake.

It was created by sourdough configure 0.01, which was
generated by GNU Autoconf 2.69.  Invocation command line was

  $ ./configure 

## --------- ##
## Platform. ##
## --------- ##

hostname = macalan
uname -m = x86_64
uname -r = 4.8.8-terms+
uname -s = Linux
uname -v = #2 SMP Tue Nov 15 10:30:05 BRST 2016

/usr/bin/uname -p = unknown
/bin/uname -X     = unknown

/bin/arch              = unknown
/usr/bin/arch -k       = unknown
/usr/convex/getsysinfo = unknown
/usr/bin/hostinfo      = unknown
/bin/machine           = unknown
/usr/bin/oslevel       = unknown
/bin/universe          = unknown

PATH: /usr/local/sbin
PATH: /usr/local/bin
PATH: /usr/sbin
PATH: /usr/bin
PATH: /sbin
PATH: /bin
PATH: /usr/games
PATH: /usr/local/games
PATH: /home/visit/michele/Sim/ns-allinone-2.30/bin
PATH: /home/visit/michele/Sim/ns-allinone-2.30/tcl8.4.13/unix
PATH: /home/visit/michele/Sim/ns-allinone-2.30/tk8.4.13/unix


## ----------- ##
## Core tests. ##
## ----------- ##

configure:2102: checking for a BSD-compatible install
configure:2170: result: /usr/bin/install -c
configure:2181: checking whether build environment is sane
configure:2236: result: yes
configure:2387: checking for a thread-safe mkdir -p
configure:2426: result: /bin/mkdir -p
configure:2433: checking for gawk
configure:2449: found /usr/bin/gawk
configure:2460: result: gawk
configure:2471: checking whether make sets $(MAKE)
configure:2493: result: yes
configure:2522: checking whether make supports nested variables
configure:2539: result: yes
configure:2734: checking for g++
configure:2750: found /usr/bin/g++
configure:2761: result: g++
configure:2788: checking for C++ compiler version
configure:2797: g++ --version >&5
g++ (Ubuntu 5.5.0-12ubuntu1~16.04) 5.5.0 20171010
Copyright (C) 2015 Free Software Foundation, Inc.
This is free software; see the source for copying conditions.  There is NO
warranty; not even for MERCHANTABILITY or FITNESS FOR A PARTICULAR PURPOSE.

configure:2808: $? = 0
configure:2797: g++ -v >&5
Using built-in specs.
COLLECT_GCC=g++
COLLECT_LTO_WRAPPER=/usr/lib/gcc/x86_64-linux-gnu/5/lto-wrapper
Target: x86_64-linux-gnu
Configured with: ../src/configure -v --with-pkgversion='Ubuntu 5.5.0-12ubuntu1~16.04' --with-bugurl=file:///usr/share/doc/gcc-5/README.Bugs --enable-languages=c,ada,c++,java,go,d,fortran,objc,obj-c++ --prefix=/usr --program-suffix=-5 --enable-shared --enable-linker-build-id --libexecdir=/usr/lib --without-included-gettext --enable-threads=posix --libdir=/usr/lib --enable-nls --with-sysroot=/ --enable-clocale=gnu --enable-libstdcxx-debug --enable-libstdcxx-time=yes --with-default-libstdcxx-abi=new --enable-gnu-unique-object --disable-vtable-verify --enable-libmpx --enable-plugin --with-system-zlib --disable-browser-plugin --enable-java-awt=gtk --enable-gtk-cairo --with-java-home=/usr/lib/jvm/java-1.5.0-gcj-5-amd64/jre --enable-java-home --with-jvm-root-dir=/usr/lib/jvm/java-1.5.0-gcj-5-amd64 --with-jvm-jar-dir=/usr/lib/jvm-exports/java-1.5.0-gcj-5-amd64 --with-arch-directory=amd64 --with-ecj-jar=/usr/share/java/eclipse-ecj.jar --enable-objc-gc --enable-multiarch --disable-werror --with-arch-32=i686 --with-abi=m64 --with-multilib-list=m32,m64,mx32 --enable-multilib --with-tune=generic --enable-checking=release --build=x86_64-linux-gnu --host=x86_64-linux-gnu --target=x86_64-linux-gnu
Thread model: posix
gcc version 5.5.0 20171010 (Ubuntu 5.5.0-12ubuntu1~16.04) 
configure:2808: $? = 0
configure:2797: g++ -V >&5
g++: error: unrecognized command line option '-V'
g++: fatal error: no input files
compilation terminated.
configure:2808: $? = 1
configure:2797: g++ -qversion >&5
g++: error: unrecognized command line option '-qversion'
g++: fatal error: no input files
compilation terminated.
configure:2808: $? = 1
configure:2828: checking whether the C++ compiler works
configure:2850: g++    conftest.cpp  >&5
configure:2854: $? = 0
configure:2902: result: yes
configure:2905: checking for C++ compiler default output file name
configure:2907: result: a.out
configure:2913: checking for suffix of executables
configure:2920: g++ -o conftest    conftest.cpp  >&5
configure:2924: $? = 0
configure:2946: result: 
configure:2968: checking whether we are cross compiling
configure:2976: g++ -o conftest    conftest.cpp  >&5
configure:2980: $? = 0
configure:2987: ./conftest
configure:2991: $? = 0
configure:3006: result: no
configure:3011: checking for suffix of object files
configure:3033: g++ -c   conftest.cpp >&5
configure:3037: $? = 0
configure:3058: result: o
configure:3062: checking whether we are using the GNU C++ compiler
configure:3081: g++ -c   conftest.cpp >&5
configure:3081: $? = 0
configure:3090: result: yes
configure:3099: checking whether g++ accepts -g
configure:3119: g++ -c -g  conftest.cpp >&5
configure:3119: $? = 0
configure:3160: result: yes
configure:3194: checking for style of include used by make
configure:3222: result: GNU
configure:3248: checking dependency style of g++
configure:3359: result: gcc3
configure:3417: checking for ranlib
configure:3433: found /usr/bin/ranlib
configure:3444: result: ranlib
configure:3520: checking for gcc
configure:3536: found /usr/bin/gcc
configure:3547: result: gcc
configure:3776: checking for C compiler version
configure:3785: gcc --version >&5
gcc (Ubuntu 5.5.0-12ubuntu1~16.04) 5.5.0 20171010
Copyright (C) 2015 Free Software Foundation, Inc.
This is free software; see the source for copying conditions.  There is NO
warranty; not even for MERCHANTABILITY or FITNESS FOR A PARTICULAR PURPOSE.

configure:3796: $? = 0
configure:3785: gcc -v >&5
Using built-in specs.
COLLECT_GCC=gcc
COLLECT_LTO_WRAPPER=/usr/lib/gcc/x86_64-linux-gnu/5/lto-wrapper
Target: x86_64-linux-gnu
Configured with: ../src/configure -v --with-pkgversion='Ubuntu 5.5.0-12ubuntu1~16.04' --with-bugurl=file:///usr/share/doc/gcc-5/README.Bugs --enable-languages=c,ada,c++,java,go,d,fortran,objc,obj-c++ --prefix=/usr --program-suffix=-5 --enable-shared --enable-linker-build-id --libexecdir=/usr/lib --without-included-gettext --enable-threads=posix --libdir=/usr/lib --enable-nls --with-sysroot=/ --enable-clocale=gnu --enable-libstdcxx-debug --enable-libstdcxx-time=yes --with-default-libstdcxx-abi=new --enable-gnu-unique-object --disable-vtable-verify --enable-libmpx --enable-plugin --with-system-zlib --disable-browser-plugin --enable-java-awt=gtk --enable-gtk-cairo --with-java-home=/usr/lib/jvm/java-1.5.0-gcj-5-amd64/jre --enable-java-home --with-jvm-root-dir=/usr/lib/jvm/java-1.5.0-gcj-5-amd64 --with-jvm-jar-dir=/usr/lib/jvm-exports/java-1.5.0-gcj-5-amd64 --with-arch-directory=amd64 --with-ecj-jar=/usr/share/java/eclipse-ecj.jar --enable-objc-gc --enable-multiarch --disable-werror --with-arch-32=i686 --with-abi=m64 --with-multilib-list=m32,m64,mx32 --enable-multilib --with-tune=generic --enable-checking=release --build=x86_64-linux-gnu --host=x86_64-linux-gnu --target=x86_64-linux-gnu
Thread model: posix
gcc version 5.5.0 20171010 (Ubuntu 5.5.0-12ubuntu1~16.04) 
configure:3796: $? = 0
configure:3785: gcc -V >&5
gcc: error: unrecognized command line option '-V'
gcc: fatal error: no input files
compilation terminated.
configure:3796: $? = 1
configure:3785: gcc -qversion >&5
gcc: error: unrecognized command line option '-qversion'
gcc: fatal error: no input files
compilation terminated.
configure:3796: $? = 1
configure:3800: checking whether we are using the GNU C compiler
configure:3819: gcc -c   conftest.c >&5
configure:3819: $? = 0
configure:3828: result: yes
configure:3837: checking whether gcc accepts -g
configure:3857: gcc -c -g  conftest.c >&5
configure:3857: $? = 0
configure:3898: result: yes
configure:3915: checking for gcc option to accept ISO C89
configure:3978: gcc  -c -g -O2  conftest.c >&5
configure:3978: $? = 0
configure:3991: result: none needed
configure:4016: checking whether gcc understands -c and -o together
configure:4038: gcc -c conftest.c -o conftest2.o
configure:4041: $? = 0
configure:4038: gcc -c conftest.c -o conftest2.o
configure:4041: $? = 0
configure:4053: result: yes
configure:4072: checking dependency style of gcc
configure:4183: result: gcc3
configure:4204: checking how to run the C preprocessor
configure:4235: gcc -E  conftest.c
configure:4235: $? = 0
configure:4249: gcc -E  conftest.c
conftest.c:11:28: fatal error: ac_nonexistent.h: No such file or directory
compilation terminated.
configure:4249: $? = 1
configure: failed program was:
| /* confdefs.h */
| #define PACKAGE_NAME "sourdough"
| #define PACKAGE_TARNAME "sourdough"
| #define PACKAGE_VERSION "0.01"
| #define PACKAGE_STRING "sourdough 0.01"
| #define PACKAGE_BUGREPORT "keithw@cs.stanford.edu"
| #define PACKAGE_URL ""
| #define PACKAGE "sourdough"
| #define VERSION "0.01"
| /* end confdefs.h.  */
| #include <ac_nonexistent.h>
configure:4274: result: gcc -E
configure:4294: gcc -E  conftest.c
configure:4294: $? = 0
configure:4308: gcc -E  conftest.c
conftest.c:11:28: fatal error: ac_nonexistent.h: No such file or directory
compilation terminated.
configure:4308: $? = 1
configure: failed program was:
| /* confdefs.h */
| #define PACKAGE_NAME "sourdough"
| #define PACKAGE_TARNAME "sourdough"
| #define PACKAGE_VERSION "0.01"
| #define PACKAGE_STRING "sourdough 0.01"
| #define PACKAGE_BUGREPORT "keithw@cs.stanford.edu"
| #define PACKAGE_URL ""
| #define PACKAGE "sourdough"
| #define VERSION "0.01"
| /* end confdefs.h.  */
| #include <ac_nonexistent.h>
configure:4337: checking for grep that handles long lines and -e
configure:4395: result: /bin/grep
configure:4400: checking for egrep
configure:4462: result: /bin/grep -E
configure:4467: checking for ANSI C header files
configure:4487: gcc -c -g -O2  conftest.c >&5
configure:4487: $? = 0
configure:4560: gcc -o conftest -g -O2   conftest.c  >&5
configure:4560: $? = 0
configure:4560: ./conftest
configure:4560: $? = 0
configure:4571: result: yes
configure:4584: checking for sys/types.h
configure:4584: gcc -c -g -O2  conftest.c >&5
configure:4584: $? = 0
configure:4584: result: yes
configure:4584: checking for sys/stat.h
configure:4584: gcc -c -g -O2  conftest.c >&5
configure:4584: $? = 0
configure:4584: result: yes
configure:4584: checking for stdlib.h
configure:4584: gcc -c -g -O2  conftest.c >&5
configure:4584: $? = 0
configure:4584: result: yes
configure:4584: checking for string.h
configure:4584: gcc -c -g -O2  conftest.c >&5
configure:4584: $? = 0
configure:4584: result: yes
configure:4584: checking for memory.h
configure:4584: gcc -c -g -O2  conftest.c >&5
configure:4584: $? = 0
configure:4584: result: yes
configure:4584: checking for strings.h
configure:4584: gcc -c -g -O2  conftest.c >&5
configure:4584: $? = 0
configure:4584: result: yes
configure:4584: checking for inttypes.h
configure:4584: gcc -c -g -O2  conftest.c >&5
configure:4584: $? = 0
configure:4584: result: yes
configure:4584: checking for stdint.h
configure:4584: gcc -c -g -O2  conftest.c >&5
configure:4584: $? = 0
configure:4584: result: yes
configure:4584: checking for unistd.h
configure:4584: gcc -c -g -O2  conftest.c >&5
configure:4584: $? = 0
configure:4584: result: yes
configure:4596: checking for uint16_t
configure:4596: gcc -c -g -O2  conftest.c >&5
configure:4596: $? = 0
configure:4596: result: yes
configure:4722: checking that generated files are newer than configure
configure:4728: result: done
configure:4755: creating ./config.status

## ---------------------- ##
## Running config.status. ##
## ---------------------- ##

This file was extended by sourdough config.status 0.01, which was
generated by GNU Autoconf 2.69.  Invocation command line was

  CONFIG_FILES    = 
  CONFIG_HEADERS  = 
  CONFIG_LINKS    = 
  CONFIG_COMMANDS = 
  $ ./config.status 

on macalan

config.status:865: creating Makefile
config.status:865: creating src/Makefile
config.status:865: creating examples/Makefile
config.status:865: creating datagrump/Makefile
config.status:865: creating config.h
config.status:1046: config.h is unchanged
config.status:1094: executing depfiles commands

## ---------------- ##
## Cache variables. ##
## ---------------- ##

ac_cv_c_compiler_gnu=yes
ac_cv_c_uint16_t=yes
ac_cv_cxx_compiler_gnu=yes
ac_cv_env_CCC_set=
ac_cv_env_CCC_value=
ac_cv_env_CC_set=
ac_cv_env_CC_value=
ac_cv_env_CFLAGS_set=
ac_cv_env_CFLAGS_value=
ac_cv_env_CPPFLAGS_set=
ac_cv_env_CPPFLAGS_value=
ac_cv_env_CPP_set=
ac_cv_env_CPP_value=
ac_cv_env_CXXFLAGS_set=
ac_cv_env_CXXFLAGS_value=
ac_cv_env_CXX_set=
ac_cv_env_CXX_value=
ac_cv_env_LDFLAGS_set=
ac_cv_env_LDFLAGS_value=
ac_cv_env_LIBS_set=
ac_cv_env_LIBS_value=
ac_cv_env_build_alias_set=
ac_cv_env_build_alias_value=
ac_cv_env_host_alias_set=
ac_cv_env_host_alias_value=
ac_cv_env_target_alias_set=
ac_cv_env_target_alias_value=
ac_cv_header_inttypes_h=yes
ac_cv_header_memory_h=yes
ac_cv_header_stdc=yes
ac_cv_header_stdint_h=yes
ac_cv_header_stdlib_h=yes
ac_cv_header_string_h=yes
ac_cv_header_strings_h=yes
ac_cv_header_sys_stat_h=yes
ac_cv_header_sys_types_h=yes
ac_cv_header_unistd_h=yes
ac_cv_objext=o
ac_cv_path_EGREP='/bin/grep -E'
ac_cv_path_GREP=/bin/grep
ac_cv_path_install='/usr/bin/install -c'
ac_cv_path_mkdir=/bin/mkdir
ac_cv_prog_AWK=gawk
ac_cv_prog_CPP='gcc -E'
ac_cv_prog_ac_ct_CC=gcc
ac_cv_prog_ac_ct_CXX=g++
ac_cv_prog_ac_ct_RANLIB=ranlib
ac_cv_prog_cc_c89=
ac_cv_prog_cc_g=yes
ac_cv_prog_cxx_g=yes
ac_cv_prog_make_make_set=yes
am_cv_CC_dependencies_compiler_type=gcc3
am_cv_CXX_dependencies_compiler_type=gcc3
am_cv_make_support_nested_variables=yes
am_cv_prog_cc_c_o=yes

## ----------------- ##
## Output variables. ##
## ----------------- ##

ACLOCAL='${SHELL} /home/prof/michele/UFPR/Aulas/2018_S2/codigoexemplo/missing aclocal-1.15'
AMDEPBACKSLASH='\'
AMDEP_FALSE='#'
AMDEP_TRUE=''
AMTAR='$${TAR-tar}'
AM_BACKSLASH='\'
AM_DEFAULT_V='$(AM_DEFAULT_VERBOSITY)'
AM_DEFAULT_VERBOSITY='1'
AM_V='$(V)'
AUTOCONF='${SHELL} /home/prof/michele/UFPR/Aulas/2018_S2/codigoexemplo/missing autoconf'
AUTOHEADER='${SHELL} /home/prof/michele/UFPR/Aulas/2018_S2/codigoexemplo/missing autoheader'
AUTOMAKE='${SHELL} /home/prof/michele/UFPR/Aulas/2018_S2/codigoexemplo/missing automake-1.15'
AWK='gawk'
CC='gcc'
CCDEPMODE='depmode=gcc3'
CFLAGS='-g -O2'
CPP='gcc -E'
CPPFLAGS=''
CXX11_FLAGS='-std=c++11 -pthread'
CXX='g++'
CXXDEPMODE='depmode=gcc3'
CXXFLAGS='-g -O2'
CYGPATH_W='echo'
DEFS='-DHAVE_CONFIG_H'
DEPDIR='.deps'
ECHO_C=''
ECHO_N='-n'
ECHO_T=''
EGREP='/bin/grep -E'
EXEEXT=''
GREP='/bin/grep'
INSTALL_DATA='${INSTALL} -m 644'
INSTALL_PROGRAM='${INSTALL}'
INSTALL_SCRIPT='${INSTALL}'
INSTALL_STRIP_PROGRAM='$(install_sh) -c -s'
LDFLAGS=''
LIBOBJS=''
LIBS=''
LTLIBOBJS=''
MAKEINFO='${SHELL} /home/prof/michele/UFPR/Aulas/2018_S2/codigoexemplo/missing makeinfo'
MKDIR_P='/bin/mkdir -p'
OBJEXT='o'
PACKAGE='sourdough'
PACKAGE_BUGREPORT='keithw@cs.stanford.edu'
PACKAGE_NAME='sourdough'
PACKAGE_STRING='sourdough 0.01'
PACKAGE_TARNAME='sourdough'
PACKAGE_URL=''
PACKAGE_VERSION='0.01'
PATH_SEPARATOR=':'
PICKY_CXXFLAGS='-pedantic -Wall -Wextra -Weffc++ -Werror'
RANLIB='ranlib'
SET_MAKE=''
SHELL='/bin/bash'
STRIP=''
VERSION='0.01'
ac_ct_CC='gcc'
ac_ct_CXX='g++'
am__EXEEXT_FALSE=''
am__EXEEXT_TRUE='#'
am__fastdepCC_FALSE='#'
am__fastdepCC_TRUE=''
am__fastdepCXX_FALSE='#'
am__fastdepCXX_TRUE=''
am__include='include'
am__isrc=''
am__leading_dot='.'
am__nodep='_no'
am__quote=''
am__tar='$${TAR-tar} chof - "$$tardir"'
am__untar='$${TAR-tar} xf -'
bindir='${exec_prefix}/bin'
build_alias=''
datadir='${datarootdir}'
datarootdir='${prefix}/share'
docdir='${datarootdir}/doc/${PACKAGE_TARNAME}'
dvidir='${docdir}'
exec_prefix='${prefix}'
host_alias=''
htmldir='${docdir}'
includedir='${prefix}/include'
infodir='${datarootdir}/info'
install_sh='${SHELL} /home/prof/michele/UFPR/Aulas/2018_S2/codigoexemplo/install-sh'
libdir='${exec_prefix}/lib'
libexecdir='${exec_prefix}/libexec'
localedir='${datarootdir}/locale'
localstatedir='${prefix}/var'
mandir='${datarootdir}/man'
mkdir_p='$(MKDIR_P)'
oldincludedir='/usr/include'
pdfdir='${docdir}'
prefix='/usr/local'
program_transform_name='s,x,x,'
psdir='${docdir}'
runstatedir='${localstatedir}/run'
sbindir='${exec_prefix}/sbin'
sharedstatedir='${prefix}/com'
sysconfdir='${prefix}/etc'
target_alias=''

## ----------- ##
## confdefs.h. ##
## ----------- ##

/* confdefs.h */
#define PACKAGE_NAME "sourdough"
#define PACKAGE_TARNAME "sourdough"
#define PACKAGE_VERSION "0.01"
#define PACKAGE_STRING "sourdough 0.01"
#define PACKAGE_BUGREPORT "keithw@cs.stanford.edu"
#define PACKAGE_URL ""
#define PACKAGE "sourdough"
#define VERSION "0.01"
#define STDC_HEADERS 1
#define HAVE_SYS_TYPES_H 1
#define HAVE_SYS_STAT_H 1
#define HAVE_STDLIB_H 1
#define HAVE_STRING_H 1
#define HAVE_MEMORY_H 1
#define HAVE_STRINGS_H 1
#define HAVE_INTTYPES_H 1
#define HAVE_STDINT_H 1
#define HAVE_UNISTD_H 1

configure: exit 0
